@!@!@STARTMSG 2262:0 @!@!@
TLC2 Version 2.16 of 31 December 2020 (rev: cdddf55)
@!@!@ENDMSG 2262 @!@!@
@!@!@STARTMSG 2187:0 @!@!@
Running breadth-first search Model-Checking with fp 10 and seed -3525756628562843475 with 8 workers on 16 cores with 4857MB heap and 10921MB offheap memory [pid: 12559] (Mac OS X 10.16 x86_64, AdoptOpenJDK 14.0.1 x86_64, OffHeapDiskFPSet, DiskStateQueue).
@!@!@ENDMSG 2187 @!@!@
@!@!@STARTMSG 2220:0 @!@!@
Starting SANY...
@!@!@ENDMSG 2220 @!@!@
Parsing file /Users/pwc/projects/mytlaplus/recycler.toolbox/Model_1/MC.tla
Parsing file /Users/pwc/projects/mytlaplus/recycler.toolbox/Model_1/recycler.tla
Labels added.
Parsing file /Applications/TLA+ Toolbox.app/Contents/Eclipse/plugins/org.lamport.tlatools_1.0.0.202012311918/tla2sany/StandardModules/TLC.tla
Parsing file /Applications/TLA+ Toolbox.app/Contents/Eclipse/plugins/org.lamport.tlatools_1.0.0.202012311918/tla2sany/StandardModules/Integers.tla
Parsing file /Applications/TLA+ Toolbox.app/Contents/Eclipse/plugins/org.lamport.tlatools_1.0.0.202012311918/tla2sany/StandardModules/Sequences.tla
Parsing file /Applications/TLA+ Toolbox.app/Contents/Eclipse/plugins/org.lamport.tlatools_1.0.0.202012311918/tla2sany/StandardModules/FiniteSets.tla
Parsing file /Applications/TLA+ Toolbox.app/Contents/Eclipse/plugins/org.lamport.tlatools_1.0.0.202012311918/tla2sany/StandardModules/Naturals.tla
Semantic processing of module Naturals
Semantic processing of module Integers
Semantic processing of module Sequences
Semantic processing of module FiniteSets
Semantic processing of module TLC
Semantic processing of module recycler
Semantic processing of module MC
@!@!@STARTMSG 2219:0 @!@!@
SANY finished.
@!@!@ENDMSG 2219 @!@!@
@!@!@STARTMSG 2185:0 @!@!@
Starting... (2022-11-20 10:27:09)
@!@!@ENDMSG 2185 @!@!@
@!@!@STARTMSG 2189:0 @!@!@
Computing initial states...
@!@!@ENDMSG 2189 @!@!@
@!@!@STARTMSG 2269:0 @!@!@
Computed 2 initial states...
@!@!@ENDMSG 2269 @!@!@
@!@!@STARTMSG 2269:0 @!@!@
Computed 4 initial states...
@!@!@ENDMSG 2269 @!@!@
@!@!@STARTMSG 2269:0 @!@!@
Computed 8 initial states...
@!@!@ENDMSG 2269 @!@!@
@!@!@STARTMSG 2269:0 @!@!@
Computed 16 initial states...
@!@!@ENDMSG 2269 @!@!@
@!@!@STARTMSG 2269:0 @!@!@
Computed 32 initial states...
@!@!@ENDMSG 2269 @!@!@
@!@!@STARTMSG 2269:0 @!@!@
Computed 64 initial states...
@!@!@ENDMSG 2269 @!@!@
@!@!@STARTMSG 2269:0 @!@!@
Computed 128 initial states...
@!@!@ENDMSG 2269 @!@!@
@!@!@STARTMSG 2269:0 @!@!@
Computed 256 initial states...
@!@!@ENDMSG 2269 @!@!@
@!@!@STARTMSG 2269:0 @!@!@
Computed 512 initial states...
@!@!@ENDMSG 2269 @!@!@
@!@!@STARTMSG 2269:0 @!@!@
Computed 1024 initial states...
@!@!@ENDMSG 2269 @!@!@
@!@!@STARTMSG 2269:0 @!@!@
Computed 2048 initial states...
@!@!@ENDMSG 2269 @!@!@
@!@!@STARTMSG 2269:0 @!@!@
Computed 4096 initial states...
@!@!@ENDMSG 2269 @!@!@
@!@!@STARTMSG 2269:0 @!@!@
Computed 8192 initial states...
@!@!@ENDMSG 2269 @!@!@
@!@!@STARTMSG 2269:0 @!@!@
Computed 16384 initial states...
@!@!@ENDMSG 2269 @!@!@
@!@!@STARTMSG 2269:0 @!@!@
Computed 32768 initial states...
@!@!@ENDMSG 2269 @!@!@
@!@!@STARTMSG 2269:0 @!@!@
Computed 65536 initial states...
@!@!@ENDMSG 2269 @!@!@
@!@!@STARTMSG 2269:0 @!@!@
Computed 131072 initial states...
@!@!@ENDMSG 2269 @!@!@
@!@!@STARTMSG 2269:0 @!@!@
Computed 262144 initial states...
@!@!@ENDMSG 2269 @!@!@
@!@!@STARTMSG 2269:0 @!@!@
Computed 524288 initial states...
@!@!@ENDMSG 2269 @!@!@
@!@!@STARTMSG 2269:0 @!@!@
Computed 1048576 initial states...
@!@!@ENDMSG 2269 @!@!@
@!@!@STARTMSG 2190:0 @!@!@
Finished computing initial states: 2073600 distinct states generated at 2022-11-20 10:27:16.
@!@!@ENDMSG 2190 @!@!@
@!@!@STARTMSG 2200:0 @!@!@
Progress(2) at 2022-11-20 10:27:19: 3,260,423 states generated (3,260,423 s/min), 3,260,423 distinct states found (3,260,423 ds/min), 2,073,593 states left on queue.
@!@!@ENDMSG 2200 @!@!@
@!@!@STARTMSG 2110:1 @!@!@
Invariant ValidCount is violated.
@!@!@ENDMSG 2110 @!@!@
@!@!@STARTMSG 2121:1 @!@!@
The behavior up to this point is:
@!@!@ENDMSG 2121 @!@!@
@!@!@STARTMSG 2217:4 @!@!@
1: <Initial predicate>
/\ capacity = [recycle |-> 1, trash |-> 2]
/\ curr = defaultInitValue
/\ bins = [recycle |-> {}, trash |-> {}]
/\ items = << [type |-> "trash", size |-> 1],
   [type |-> "trash", size |-> 1],
   [type |-> "recycle", size |-> 1],
   [type |-> "recycle", size |-> 3] >>
/\ pc = "Lbl_1"
/\ item = { [type |-> "recycle", size |-> 1],
  [type |-> "recycle", size |-> 2],
  [type |-> "recycle", size |-> 3],
  [type |-> "recycle", size |-> 4],
  [type |-> "recycle", size |-> 5],
  [type |-> "recycle", size |-> 6],
  [type |-> "trash", size |-> 1],
  [type |-> "trash", size |-> 2],
  [type |-> "trash", size |-> 3],
  [type |-> "trash", size |-> 4],
  [type |-> "trash", size |-> 5],
  [type |-> "trash", size |-> 6] }
/\ count = [recycle |-> 0, trash |-> 0]

@!@!@ENDMSG 2217 @!@!@
@!@!@STARTMSG 2217:4 @!@!@
2: <Lbl_1 line 61, col 10 to line 85, col 24 of module recycler>
/\ capacity = [recycle |-> 1, trash |-> 1]
/\ curr = [type |-> "trash", size |-> 1]
/\ bins = [recycle |-> {}, trash |-> {[type |-> "trash", size |-> 1]}]
/\ items = << [type |-> "trash", size |-> 1],
   [type |-> "recycle", size |-> 1],
   [type |-> "recycle", size |-> 3] >>
/\ pc = "Lbl_1"
/\ item = { [type |-> "recycle", size |-> 1],
  [type |-> "recycle", size |-> 2],
  [type |-> "recycle", size |-> 3],
  [type |-> "recycle", size |-> 4],
  [type |-> "recycle", size |-> 5],
  [type |-> "recycle", size |-> 6],
  [type |-> "trash", size |-> 1],
  [type |-> "trash", size |-> 2],
  [type |-> "trash", size |-> 3],
  [type |-> "trash", size |-> 4],
  [type |-> "trash", size |-> 5],
  [type |-> "trash", size |-> 6] }
/\ count = [recycle |-> 0, trash |-> 1]

@!@!@ENDMSG 2217 @!@!@
@!@!@STARTMSG 2217:4 @!@!@
3: <Lbl_1 line 61, col 10 to line 85, col 24 of module recycler>
/\ capacity = [recycle |-> 1, trash |-> 0]
/\ curr = [type |-> "trash", size |-> 1]
/\ bins = [recycle |-> {}, trash |-> {[type |-> "trash", size |-> 1]}]
/\ items = <<[type |-> "recycle", size |-> 1], [type |-> "recycle", size |-> 3]>>
/\ pc = "Lbl_1"
/\ item = { [type |-> "recycle", size |-> 1],
  [type |-> "recycle", size |-> 2],
  [type |-> "recycle", size |-> 3],
  [type |-> "recycle", size |-> 4],
  [type |-> "recycle", size |-> 5],
  [type |-> "recycle", size |-> 6],
  [type |-> "trash", size |-> 1],
  [type |-> "trash", size |-> 2],
  [type |-> "trash", size |-> 3],
  [type |-> "trash", size |-> 4],
  [type |-> "trash", size |-> 5],
  [type |-> "trash", size |-> 6] }
/\ count = [recycle |-> 0, trash |-> 2]

@!@!@ENDMSG 2217 @!@!@
@!@!@STARTMSG 2201:0 @!@!@
The coverage statistics at 2022-11-20 10:27:21
@!@!@ENDMSG 2201 @!@!@
@!@!@STARTMSG 2773:0 @!@!@
<Init line 52, col 1 to line 52, col 4 of module recycler>: 4147200:4147200
@!@!@ENDMSG 2773 @!@!@
@!@!@STARTMSG 2221:0 @!@!@
  line 53, col 12 to line 53, col 54 of module recycler: 2
@!@!@ENDMSG 2221 @!@!@
@!@!@STARTMSG 2221:0 @!@!@
  line 54, col 12 to line 54, col 48 of module recycler: 200
@!@!@ENDMSG 2221 @!@!@
@!@!@STARTMSG 2221:0 @!@!@
  line 55, col 12 to line 55, col 47 of module recycler: 200
@!@!@ENDMSG 2221 @!@!@
@!@!@STARTMSG 2221:0 @!@!@
  line 56, col 12 to line 56, col 58 of module recycler: 200
@!@!@ENDMSG 2221 @!@!@
@!@!@STARTMSG 2221:0 @!@!@
  line 57, col 12 to line 57, col 49 of module recycler: 200
@!@!@ENDMSG 2221 @!@!@
@!@!@STARTMSG 2221:0 @!@!@
  line 58, col 12 to line 58, col 34 of module recycler: 4147200
@!@!@ENDMSG 2221 @!@!@
@!@!@STARTMSG 2221:0 @!@!@
  line 59, col 12 to line 59, col 23 of module recycler: 4147200
@!@!@ENDMSG 2221 @!@!@
@!@!@STARTMSG 2772:0 @!@!@
<Lbl_1 line 61, col 1 to line 61, col 5 of module recycler>: 2084551:2105577
@!@!@ENDMSG 2772 @!@!@
@!@!@STARTMSG 2221:0 @!@!@
  line 61, col 13 to line 61, col 24 of module recycler: 4211146
@!@!@ENDMSG 2221 @!@!@
@!@!@STARTMSG 2221:0 @!@!@
  |line 61, col 13 to line 61, col 14 of module recycler: 2105577
@!@!@ENDMSG 2221 @!@!@
@!@!@STARTMSG 2221:0 @!@!@
  line 62, col 16 to line 62, col 28 of module recycler: 2105577
@!@!@ENDMSG 2221 @!@!@
@!@!@STARTMSG 2221:0 @!@!@
  line 63, col 24 to line 63, col 42 of module recycler: 2105569
@!@!@ENDMSG 2221 @!@!@
@!@!@STARTMSG 2221:0 @!@!@
  |line 63, col 32 to line 63, col 42 of module recycler: 2105577
@!@!@ENDMSG 2221 @!@!@
@!@!@STARTMSG 2221:0 @!@!@
  line 64, col 24 to line 64, col 43 of module recycler: 2105569
@!@!@ENDMSG 2221 @!@!@
@!@!@STARTMSG 2221:0 @!@!@
  |line 64, col 33 to line 64, col 43 of module recycler: 2105577
@!@!@ENDMSG 2221 @!@!@
@!@!@STARTMSG 2221:0 @!@!@
  line 65, col 27 to line 65, col 82 of module recycler: 2105577
@!@!@ENDMSG 2221 @!@!@
@!@!@STARTMSG 2221:0 @!@!@
  |line 65, col 27 to line 65, col 48 of module recycler: 2105577
@!@!@ENDMSG 2221 @!@!@
@!@!@STARTMSG 2221:0 @!@!@
  |line 65, col 53 to line 65, col 82 of module recycler: 1053215
@!@!@ENDMSG 2221 @!@!@
@!@!@STARTMSG 2221:0 @!@!@
  line 66, col 32 to line 68, col 111 of module recycler: 780048
@!@!@ENDMSG 2221 @!@!@
@!@!@STARTMSG 2221:0 @!@!@
  line 69, col 38 to line 69, col 65 of module recycler: 1325529
@!@!@ENDMSG 2221 @!@!@
@!@!@STARTMSG 2221:0 @!@!@
  line 70, col 46 to line 70, col 106 of module recycler: 945794
@!@!@ENDMSG 2221 @!@!@
@!@!@STARTMSG 2221:0 @!@!@
  |line 70, col 54 to line 70, col 106 of module recycler: 945802
@!@!@ENDMSG 2221 @!@!@
@!@!@STARTMSG 2221:0 @!@!@
  line 71, col 46 to line 71, col 100 of module recycler: 945794
@!@!@ENDMSG 2221 @!@!@
@!@!@STARTMSG 2221:0 @!@!@
  |line 71, col 55 to line 71, col 100 of module recycler: 945802
@!@!@ENDMSG 2221 @!@!@
@!@!@STARTMSG 2221:0 @!@!@
  line 72, col 46 to line 72, col 118 of module recycler: 945794
@!@!@ENDMSG 2221 @!@!@
@!@!@STARTMSG 2221:0 @!@!@
  |line 72, col 58 to line 72, col 118 of module recycler: 945802
@!@!@ENDMSG 2221 @!@!@
@!@!@STARTMSG 2221:0 @!@!@
  line 73, col 46 to line 73, col 49 of module recycler: 379727
@!@!@ENDMSG 2221 @!@!@
@!@!@STARTMSG 2221:0 @!@!@
  line 74, col 46 to line 75, col 66 of module recycler: 379727
@!@!@ENDMSG 2221 @!@!@
@!@!@STARTMSG 2221:0 @!@!@
  line 76, col 24 to line 76, col 36 of module recycler: 2105569
@!@!@ENDMSG 2221 @!@!@
@!@!@STARTMSG 2221:0 @!@!@
  line 83, col 24 to line 83, col 35 of module recycler: 0
@!@!@ENDMSG 2221 @!@!@
@!@!@STARTMSG 2221:0 @!@!@
  line 84, col 24 to line 84, col 73 of module recycler: 0
@!@!@ENDMSG 2221 @!@!@
@!@!@STARTMSG 2221:0 @!@!@
  line 85, col 13 to line 85, col 24 of module recycler: 2105569
@!@!@ENDMSG 2221 @!@!@
@!@!@STARTMSG 2221:0 @!@!@
  |line 85, col 21 to line 85, col 24 of module recycler: 2105577
@!@!@ENDMSG 2221 @!@!@
@!@!@STARTMSG 2772:0 @!@!@
<Terminating line 88, col 1 to line 88, col 11 of module recycler>: 0:0
@!@!@ENDMSG 2772 @!@!@
@!@!@STARTMSG 2221:0 @!@!@
  line 88, col 16 to line 88, col 26 of module recycler: 2105567
@!@!@ENDMSG 2221 @!@!@
@!@!@STARTMSG 2221:0 @!@!@
  line 88, col 31 to line 88, col 44 of module recycler: 0
@!@!@ENDMSG 2221 @!@!@
@!@!@STARTMSG 2774:0 @!@!@
<NoOverflow line 46, col 1 to line 46, col 10 of module recycler>
@!@!@ENDMSG 2774 @!@!@
@!@!@STARTMSG 2221:0 @!@!@
  line 46, col 15 to line 46, col 58 of module recycler: 4158151
@!@!@ENDMSG 2221 @!@!@
@!@!@STARTMSG 2774:0 @!@!@
<ValidCount line 47, col 1 to line 47, col 10 of module recycler>
@!@!@ENDMSG 2774 @!@!@
@!@!@STARTMSG 2221:0 @!@!@
  line 47, col 15 to line 47, col 96 of module recycler: 4158151
@!@!@ENDMSG 2221 @!@!@
@!@!@STARTMSG 2202:0 @!@!@
End of statistics.
@!@!@ENDMSG 2202 @!@!@
@!@!@STARTMSG 2200:0 @!@!@
Progress(3) at 2022-11-20 10:27:21: 4,179,175 states generated (19,978,527 s/min), 4,158,151 distinct states found (19,878,022 ds/min), 2,052,568 states left on queue.
@!@!@ENDMSG 2200 @!@!@
@!@!@STARTMSG 2199:0 @!@!@
4179175 states generated, 4158151 distinct states found, 2052568 states left on queue.
@!@!@ENDMSG 2199 @!@!@
@!@!@STARTMSG 2194:0 @!@!@
The depth of the complete state graph search is 3.
@!@!@ENDMSG 2194 @!@!@
@!@!@STARTMSG 2268:0 @!@!@
The average outdegree of the complete state graph is 1 (minimum is 0, the maximum 1 and the 95th percentile is 1).
@!@!@ENDMSG 2268 @!@!@
@!@!@STARTMSG 2186:0 @!@!@
Finished in 12609ms at (2022-11-20 10:27:22)
@!@!@ENDMSG 2186 @!@!@
